npm verb cli C:\Program Files\nodejs\node.exe C:\Program Files\nodejs\node_modules\npm\bin\npm-cli.js
npm info using npm@10.5.0
npm info using node@v20.12.1
npm verb title npm install
npm verb argv "install" "--legacy-peer-deps" "--loglevel" "verbose"
npm verb logfile logs-max:10 dir:C:\Users\pedro\AppData\Local\npm-cache\_logs\2024-08-11T00_22_35_448Z-
npm verb logfile C:\Users\pedro\AppData\Local\npm-cache\_logs\2024-08-11T00_22_35_448Z-debug-0.log
npm http fetch GET 200 https://registry.npmjs.org/@faker-js%2ffaker 15ms (cache hit)
npm http fetch GET 200 https://registry.npmjs.org/cypress-mochawesome-reporter 762ms (cache revalidated)
npm http fetch GET 200 https://registry.npmjs.org/browserstack-cypress-cli 637ms (cache revalidated)
npm http fetch GET 200 https://registry.npmjs.org/cypress 6ms (cache hit)
npm http fetch GET 200 https://registry.npmjs.org/chalk 96ms (cache revalidated)
npm http fetch GET 200 https://registry.npmjs.org/gitconfiglocal 120ms (cache revalidated)
npm http fetch GET 200 https://registry.npmjs.org/async 123ms (cache revalidated)
npm http fetch GET 200 https://registry.npmjs.org/cli-progress 134ms (cache revalidated)
npm http fetch GET 200 https://registry.npmjs.org/requestretry 133ms (cache revalidated)
npm http fetch GET 200 https://registry.npmjs.org/node-ipc 136ms (cache revalidated)
npm http fetch GET 200 https://registry.npmjs.org/request 138ms (cache revalidated)
npm http fetch GET 200 https://registry.npmjs.org/browserstack-local 146ms (cache revalidated)
npm http fetch GET 200 https://registry.npmjs.org/archiver 152ms (cache revalidated)
npm http fetch GET 200 https://registry.npmjs.org/glob 152ms (cache revalidated)
npm http fetch GET 200 https://registry.npmjs.org/table 155ms (cache revalidated)
npm http fetch GET 200 https://registry.npmjs.org/windows-release 62ms (cache revalidated)
npm http fetch GET 200 https://registry.npmjs.org/fs-extra 163ms (cache revalidated)
npm http fetch GET 200 https://registry.npmjs.org/mkdirp 164ms (cache revalidated)
npm http fetch GET 200 https://registry.npmjs.org/winston 57ms (cache revalidated)
npm http fetch GET 200 https://registry.npmjs.org/update-notifier 179ms (cache revalidated)
npm http fetch GET 200 https://registry.npmjs.org/yargs 68ms (cache revalidated)
npm http fetch GET 200 https://registry.npmjs.org/tmp 75ms (cache revalidated)
npm http fetch GET 200 https://registry.npmjs.org/decompress 87ms (cache revalidated)
npm http fetch GET 200 https://registry.npmjs.org/arch 84ms (cache revalidated)
npm http fetch GET 200 https://registry.npmjs.org/is-ci 64ms (cache revalidated)
npm http fetch GET 200 https://registry.npmjs.org/execa 79ms (cache revalidated)
npm http fetch GET 200 https://registry.npmjs.org/debug 87ms (cache revalidated)
npm http fetch GET 200 https://registry.npmjs.org/uuid 234ms (cache revalidated)
npm http fetch GET 200 https://registry.npmjs.org/yauzl 87ms (cache revalidated)
npm http fetch GET 200 https://registry.npmjs.org/getos 96ms (cache revalidated)
npm http fetch GET 200 https://registry.npmjs.org/dayjs 109ms (cache revalidated)
npm http fetch GET 200 https://registry.npmjs.org/semver 68ms (cache revalidated)
npm http fetch GET 200 https://registry.npmjs.org/process 69ms (cache revalidated)
npm http fetch GET 200 https://registry.npmjs.org/cachedir 68ms (cache revalidated)
npm http fetch GET 200 https://registry.npmjs.org/bluebird 71ms (cache revalidated)
npm http fetch GET 200 https://registry.npmjs.org/listr2 132ms (cache revalidated)
npm http fetch GET 200 https://registry.npmjs.org/enquirer 80ms (cache revalidated)
npm http fetch GET 200 https://registry.npmjs.org/minimist 81ms (cache revalidated)
npm http fetch GET 200 https://registry.npmjs.org/lazy-ass 92ms (cache revalidated)
npm http fetch GET 200 https://registry.npmjs.org/ospath 145ms (cache revalidated)
npm http fetch GET 200 https://registry.npmjs.org/buffer 167ms (cache revalidated)
npm http fetch GET 200 https://registry.npmjs.org/commander 82ms (cache revalidated)
npm http fetch GET 200 https://registry.npmjs.org/blob-util 91ms (cache revalidated)
npm http fetch GET 200 https://registry.npmjs.org/lodash 163ms (cache revalidated)
npm http fetch GET 200 https://registry.npmjs.org/cli-cursor 83ms (cache revalidated)
npm http fetch GET 200 https://registry.npmjs.org/untildify 96ms (cache revalidated)
npm http fetch GET 200 https://registry.npmjs.org/mocha 358ms (cache revalidated)
npm http fetch GET 200 https://registry.npmjs.org/cli-table3 107ms (cache revalidated)
npm http fetch GET 200 https://registry.npmjs.org/extract-zip 94ms (cache revalidated)
npm http fetch GET 200 https://registry.npmjs.org/common-tags 107ms (cache revalidated)
npm http fetch GET 200 https://registry.npmjs.org/executable 116ms (cache revalidated)
npm http fetch GET 200 https://registry.npmjs.org/pretty-bytes 90ms (cache revalidated)
npm http fetch GET 200 https://registry.npmjs.org/log-symbols 96ms (cache revalidated)
npm http fetch GET 200 https://registry.npmjs.org/eventemitter2 103ms (cache revalidated)
npm http fetch GET 200 https://registry.npmjs.org/@types%2fsizzle 121ms (cache revalidated)
npm http fetch GET 200 https://registry.npmjs.org/request-progress 97ms (cache revalidated)
npm http fetch GET 200 https://registry.npmjs.org/supports-color 128ms (cache revalidated)
npm http fetch GET 200 https://registry.npmjs.org/is-installed-globally 92ms (cache revalidated)
npm http fetch GET 200 https://registry.npmjs.org/proxy-from-env 132ms (cache revalidated)
npm http fetch GET 200 https://registry.npmjs.org/mochawesome 69ms (cache revalidated)
npm http fetch GET 200 https://registry.npmjs.org/mochawesome-report-generator 86ms (cache revalidated)
npm http fetch GET 200 https://registry.npmjs.org/@types%2fsinonjs__fake-timers 118ms (cache revalidated)
npm http fetch GET 200 https://registry.npmjs.org/@cypress%2fxvfb 312ms (cache revalidated)
npm http fetch GET 200 https://registry.npmjs.org/@cypress%2frequest 344ms (cache revalidated)
npm http fetch GET 200 https://registry.npmjs.org/git-repo-info 732ms (cache revalidated)
npm http fetch GET 200 https://registry.npmjs.org/git-last-commit 733ms (cache revalidated)
npm http fetch GET 200 https://registry.npmjs.org/getmac 779ms (cache revalidated)
npm http fetch GET 200 https://registry.npmjs.org/figures 710ms (cache revalidated)
npm http fetch GET 200 https://registry.npmjs.org/check-more-types 725ms (cache revalidated)
npm http fetch GET 200 https://registry.npmjs.org/mochawesome-merge 684ms (cache revalidated)
npm http fetch GET 200 https://registry.npmjs.org/graceful-fs 66ms (cache revalidated)
npm http fetch GET 200 https://registry.npmjs.org/readable-stream 77ms (cache revalidated)
npm http fetch GET 200 https://registry.npmjs.org/buffer-crc32 80ms (cache revalidated)
npm http fetch GET 200 https://registry.npmjs.org/readdir-glob 80ms (cache revalidated)
npm http fetch GET 200 https://registry.npmjs.org/make-dir 73ms (cache revalidated)
npm http fetch GET 200 https://registry.npmjs.org/https-proxy-agent 83ms (cache revalidated)
npm http fetch GET 200 https://registry.npmjs.org/temp-fs 83ms (cache revalidated)
npm http fetch GET 200 https://registry.npmjs.org/tar-stream 91ms (cache revalidated)
npm http fetch GET 200 https://registry.npmjs.org/agent-base 90ms (cache revalidated)
npm http fetch GET 200 https://registry.npmjs.org/ps-tree 93ms (cache revalidated)
npm http fetch GET 200 https://registry.npmjs.org/ansi-styles 93ms (cache revalidated)
npm http fetch GET 200 https://registry.npmjs.org/zip-stream 96ms (cache revalidated)
npm http fetch GET 200 https://registry.npmjs.org/archiver-utils 115ms (cache revalidated)
npm http fetch GET 200 https://registry.npmjs.org/string-width 112ms (cache revalidated)
npm http fetch GET 200 https://registry.npmjs.org/inflight 64ms (cache revalidated)
npm http fetch GET 200 https://registry.npmjs.org/minimatch 63ms (cache revalidated)
npm http fetch GET 200 https://registry.npmjs.org/universalify 82ms (cache revalidated)
npm http fetch GET 200 https://registry.npmjs.org/jsonfile 84ms (cache revalidated)
npm http fetch GET 200 https://registry.npmjs.org/once 80ms (cache revalidated)
npm http fetch GET 200 https://registry.npmjs.org/ini 86ms (cache revalidated)
npm http fetch GET 200 https://registry.npmjs.org/inherits 77ms (cache revalidated)
npm http fetch GET 200 https://registry.npmjs.org/pify 104ms (cache revalidated)
npm http fetch GET 200 https://registry.npmjs.org/@types%2fnode 111ms (cache revalidated)
npm http fetch GET 200 https://registry.npmjs.org/fs.realpath 161ms (cache revalidated)
npm http fetch GET 200 https://registry.npmjs.org/path-is-absolute 160ms (cache revalidated)
npm http fetch GET 200 https://registry.npmjs.org/ansi-colors 146ms (cache revalidated)
npm http fetch GET 200 https://registry.npmjs.org/find-up 96ms (cache revalidated)
npm http fetch GET 200 https://registry.npmjs.org/browser-stdout 146ms (cache revalidated)
npm http fetch GET 200 https://registry.npmjs.org/chokidar 107ms (cache revalidated)
npm http fetch GET 200 https://registry.npmjs.org/escape-string-regexp 102ms (cache revalidated)
npm http fetch GET 200 https://registry.npmjs.org/diff 107ms (cache revalidated)
npm http fetch GET 200 https://registry.npmjs.org/he 102ms (cache revalidated)
npm http fetch GET 200 https://registry.npmjs.org/ms 122ms (cache revalidated)
npm http fetch GET 200 https://registry.npmjs.org/js-yaml 126ms (cache revalidated)
npm http fetch GET 200 https://registry.npmjs.org/serialize-javascript 128ms (cache revalidated)
npm http fetch GET 200 https://registry.npmjs.org/js-message 64ms (cache revalidated)
npm http fetch GET 200 https://registry.npmjs.org/strip-json-comments 82ms (cache revalidated)
npm http fetch GET 200 https://registry.npmjs.org/event-pubsub 67ms (cache revalidated)
npm http fetch GET 200 https://registry.npmjs.org/aws4 72ms (cache revalidated)
npm http fetch GET 200 https://registry.npmjs.org/yargs-parser 99ms (cache revalidated)
npm http fetch GET 200 https://registry.npmjs.org/combined-stream 79ms (cache revalidated)
npm http fetch GET 200 https://registry.npmjs.org/aws-sign2 109ms (cache revalidated)
npm http fetch GET 200 https://registry.npmjs.org/forever-agent 78ms (cache revalidated)
npm http fetch GET 200 https://registry.npmjs.org/form-data 72ms (cache revalidated)
npm http fetch GET 200 https://registry.npmjs.org/http-signature 88ms (cache revalidated)
npm http fetch GET 200 https://registry.npmjs.org/har-validator 90ms (cache revalidated)
npm http fetch GET 200 https://registry.npmjs.org/is-typedarray 100ms (cache revalidated)
npm http fetch GET 200 https://registry.npmjs.org/isstream 84ms (cache revalidated)
npm http fetch GET 200 https://registry.npmjs.org/json-stringify-safe 83ms (cache revalidated)
npm http fetch GET 200 https://registry.npmjs.org/mime-types 83ms (cache revalidated)
npm http fetch GET 200 https://registry.npmjs.org/oauth-sign 111ms (cache revalidated)
npm http fetch GET 200 https://registry.npmjs.org/performance-now 98ms (cache revalidated)
npm http fetch GET 200 https://registry.npmjs.org/qs 95ms (cache revalidated)
npm http fetch GET 200 https://registry.npmjs.org/safe-buffer 117ms (cache revalidated)
npm http fetch GET 200 https://registry.npmjs.org/tough-cookie 95ms (cache revalidated)
npm http fetch GET 200 https://registry.npmjs.org/tunnel-agent 112ms (cache revalidated)
npm http fetch GET 200 https://registry.npmjs.org/extend 111ms (cache revalidated)
npm http fetch GET 200 https://registry.npmjs.org/slice-ansi 90ms (cache revalidated)
npm http fetch GET 200 https://registry.npmjs.org/ajv 131ms (cache revalidated)
npm http fetch GET 200 https://registry.npmjs.org/pupa 105ms (cache revalidated)
npm http fetch GET 200 https://registry.npmjs.org/boxen 106ms (cache revalidated)
npm http fetch GET 200 https://registry.npmjs.org/is-npm 86ms (cache revalidated)
npm http fetch GET 200 https://registry.npmjs.org/is-running 644ms (cache revalidated)
npm http fetch GET 200 https://registry.npmjs.org/xdg-basedir 64ms (cache revalidated)
npm http fetch GET 200 https://registry.npmjs.org/decompress-tar 660ms (cache revalidated)
npm http fetch GET 200 https://registry.npmjs.org/configstore 114ms (cache revalidated)
npm http fetch GET 200 https://registry.npmjs.org/semver-diff 92ms (cache revalidated)
npm http fetch GET 200 https://registry.npmjs.org/decompress-tarbz2 681ms (cache revalidated)
npm http fetch GET 200 https://registry.npmjs.org/latest-version 95ms (cache revalidated)
npm http fetch GET 200 https://registry.npmjs.org/eyes 78ms (cache revalidated)
npm http fetch GET 200 https://registry.npmjs.org/colors 74ms (cache revalidated)
npm http fetch GET 200 https://registry.npmjs.org/decompress-targz 717ms (cache revalidated)
npm http fetch GET 200 https://registry.npmjs.org/cycle 95ms (cache revalidated)
npm http fetch GET 200 https://registry.npmjs.org/decompress-unzip 734ms (cache revalidated)
npm http fetch GET 200 https://registry.npmjs.org/strip-dirs 670ms (cache revalidated)
npm http fetch GET 200 https://registry.npmjs.org/cliui 76ms (cache revalidated)
npm http fetch GET 200 https://registry.npmjs.org/y18n 87ms (cache revalidated)
npm http fetch GET 200 https://registry.npmjs.org/set-blocking 73ms (cache revalidated)
npm http fetch GET 200 https://registry.npmjs.org/which-module 67ms (cache revalidated)
npm http fetch GET 200 https://registry.npmjs.org/decamelize 86ms (cache revalidated)
npm http fetch GET 200 https://registry.npmjs.org/get-caller-file 85ms (cache revalidated)
npm http fetch GET 200 https://registry.npmjs.org/require-main-filename 69ms (cache revalidated)
npm http fetch GET 200 https://registry.npmjs.org/require-directory 124ms (cache revalidated)
npm http fetch GET 200 https://registry.npmjs.org/yargs-unparser 664ms (cache revalidated)
npm http fetch GET 200 https://registry.npmjs.org/caseless 656ms (cache revalidated)
npm http fetch GET 200 https://registry.npmjs.org/js-queue 673ms (cache revalidated)
npm http fetch GET 200 https://registry.npmjs.org/extend 656ms (cache revalidated)
npm http fetch GET 200 https://registry.npmjs.org/workerpool 738ms (cache revalidated)
npm http fetch GET 200 https://registry.npmjs.org/is-in-ci 677ms (cache revalidated)
npm http fetch GET 200 https://registry.npmjs.org/stack-trace 663ms (cache revalidated)
npm http fetch GET 200 https://registry.npmjs.org/import-lazy 806ms (cache revalidated)
npm http fetch GET 200 https://registry.npmjs.org/fs-constants 66ms (cache revalidated)
npm http fetch GET 200 https://registry.npmjs.org/lodash.isplainobject 69ms (cache revalidated)
npm http fetch GET 200 https://registry.npmjs.org/normalize-path 69ms (cache revalidated)
npm http fetch GET 200 https://registry.npmjs.org/lodash.flatten 70ms (cache revalidated)
npm http fetch GET 200 https://registry.npmjs.org/bl 69ms (cache revalidated)
npm http fetch GET 200 https://registry.npmjs.org/lazystream 73ms (cache revalidated)
npm http fetch GET 200 https://registry.npmjs.org/util-deprecate 71ms (cache revalidated)
npm http fetch GET 200 https://registry.npmjs.org/string_decoder 76ms (cache revalidated)
npm http fetch GET 200 https://registry.npmjs.org/end-of-stream 75ms (cache revalidated)
npm http fetch GET 200 https://registry.npmjs.org/lodash.union 91ms (cache revalidated)
npm http fetch GET 200 https://registry.npmjs.org/lodash.difference 92ms (cache revalidated)
npm http fetch GET 200 https://registry.npmjs.org/lodash.defaults 291ms (cache revalidated)
npm http fetch GET 200 https://registry.npmjs.org/compress-commons 650ms (cache revalidated)
npm http fetch GET 200 https://registry.npmjs.org/isarray 55ms (cache revalidated)
npm http fetch GET 200 https://registry.npmjs.org/process-nextick-args 55ms (cache revalidated)
npm http fetch GET 200 https://registry.npmjs.org/core-util-is 66ms (cache revalidated)
npm http fetch GET 200 https://registry.npmjs.org/event-stream 52ms (cache revalidated)
npm http fetch GET 200 https://registry.npmjs.org/rimraf 63ms (cache revalidated)
npm http fetch GET 200 https://registry.npmjs.org/has-flag 54ms (cache revalidated)
npm http fetch GET 200 https://registry.npmjs.org/color-convert 55ms (cache revalidated)
npm http fetch GET 200 https://registry.npmjs.org/color-name 51ms (cache revalidated)
npm http fetch GET 200 https://registry.npmjs.org/is-fullwidth-code-point 53ms (cache revalidated)
npm http fetch GET 200 https://registry.npmjs.org/emoji-regex 54ms (cache revalidated)
npm http fetch GET 200 https://registry.npmjs.org/strip-ansi 55ms (cache revalidated)
npm http fetch GET 200 https://registry.npmjs.org/lodash.once 70ms (cache revalidated)
npm http fetch GET 200 https://registry.npmjs.org/is-stream 67ms (cache revalidated)
npm http fetch GET 200 https://registry.npmjs.org/cross-spawn 68ms (cache revalidated)
npm http fetch GET 200 https://registry.npmjs.org/npm-run-path 68ms (cache revalidated)
npm http fetch GET 200 https://registry.npmjs.org/ieee754 72ms (cache revalidated)
npm http fetch GET 200 https://registry.npmjs.org/signal-exit 70ms (cache revalidated)
npm http fetch GET 200 https://registry.npmjs.org/get-stream 73ms (cache revalidated)
npm http fetch GET 200 https://registry.npmjs.org/human-signals 72ms (cache revalidated)
npm http fetch GET 200 https://registry.npmjs.org/restore-cursor 76ms (cache revalidated)
npm http fetch GET 200 https://registry.npmjs.org/at-least-node 76ms (cache revalidated)
npm http fetch GET 200 https://registry.npmjs.org/strip-final-newline 79ms (cache revalidated)
npm http fetch GET 200 https://registry.npmjs.org/onetime 84ms (cache revalidated)
npm http fetch GET 200 https://registry.npmjs.org/merge-stream 83ms (cache revalidated)
npm http fetch GET 200 https://registry.npmjs.org/@colors%2fcolors 100ms (cache revalidated)
npm http fetch GET 200 https://registry.npmjs.org/base64-js 101ms (cache revalidated)
npm http fetch GET 200 https://registry.npmjs.org/ci-info 102ms (cache revalidated)
npm http fetch GET 200 https://registry.npmjs.org/get-stream 106ms (cache revalidated)
npm http fetch GET 200 https://registry.npmjs.org/@types%2fyauzl 119ms (cache revalidated)
npm http fetch GET 200 https://registry.npmjs.org/global-dirs 118ms (cache revalidated)
npm http fetch GET 200 https://registry.npmjs.org/p-map 70ms (cache revalidated)
npm http fetch GET 200 https://registry.npmjs.org/wrap-ansi 67ms (cache revalidated)
npm http fetch GET 200 https://registry.npmjs.org/rfdc 74ms (cache revalidated)
npm http fetch GET 200 https://registry.npmjs.org/cli-truncate 66ms (cache revalidated)
npm http fetch GET 200 https://registry.npmjs.org/colorette 71ms (cache revalidated)
npm http fetch GET 200 https://registry.npmjs.org/is-path-inside 77ms (cache revalidated)
npm http fetch GET 200 https://registry.npmjs.org/through 77ms (cache revalidated)
npm http fetch GET 200 https://registry.npmjs.org/fd-slicer 65ms (cache revalidated)
npm http fetch GET 200 https://registry.npmjs.org/rxjs 81ms (cache revalidated)
npm http fetch GET 200 https://registry.npmjs.org/log-update 83ms (cache revalidated)
npm http fetch GET 200 https://registry.npmjs.org/throttleit 81ms (cache revalidated)
npm http fetch GET 200 https://registry.npmjs.org/is-unicode-supported 108ms (cache revalidated)
npm http fetch GET 200 https://registry.npmjs.org/side-channel 57ms (cache revalidated)
npm http fetch GET 200 https://registry.npmjs.org/jsprim 59ms (cache revalidated)
npm http fetch GET 200 https://registry.npmjs.org/asynckit 60ms (cache revalidated)
npm http fetch GET 200 https://registry.npmjs.org/psl 59ms (cache revalidated)
npm http fetch GET 200 https://registry.npmjs.org/assert-plus 62ms (cache revalidated)
npm http fetch GET 200 https://registry.npmjs.org/url-parse 59ms (cache revalidated)
npm http fetch GET 200 https://registry.npmjs.org/mime-db 65ms (cache revalidated)
npm http fetch GET 200 https://registry.npmjs.org/punycode 65ms (cache revalidated)
npm http fetch GET 200 https://registry.npmjs.org/delayed-stream 76ms (cache revalidated)
npm http fetch GET 200 https://registry.npmjs.org/sshpk 76ms (cache revalidated)
npm http fetch GET 200 https://registry.npmjs.org/tcomb-validation 60ms (cache revalidated)
npm http fetch GET 200 https://registry.npmjs.org/lodash.isstring 66ms (cache revalidated)
npm http fetch GET 200 https://registry.npmjs.org/tcomb 64ms (cache revalidated)
npm http fetch GET 200 https://registry.npmjs.org/validator 64ms (cache revalidated)
npm http fetch GET 200 https://registry.npmjs.org/dateformat 70ms (cache revalidated)
npm http fetch GET 200 https://registry.npmjs.org/lodash.isfunction 74ms (cache revalidated)
npm http fetch GET 200 https://registry.npmjs.org/escape-html 72ms (cache revalidated)
npm http fetch GET 200 https://registry.npmjs.org/opener 74ms (cache revalidated)
npm http fetch GET 200 https://registry.npmjs.org/prop-types 75ms (cache revalidated)
npm http fetch GET 200 https://registry.npmjs.org/lodash.isobject 80ms (cache revalidated)
npm http fetch GET 200 https://registry.npmjs.org/lodash.isempty 644ms (cache revalidated)
npm http fetch GET 200 https://registry.npmjs.org/fsu 659ms (cache revalidated)
npm http fetch GET 200 https://registry.npmjs.org/seek-bzip 57ms (cache revalidated)
npm http fetch GET 200 https://registry.npmjs.org/unbzip2-stream 57ms (cache revalidated)
npm http fetch GET 200 https://registry.npmjs.org/file-type 60ms (cache revalidated)
npm http fetch GET 200 https://registry.npmjs.org/file-type 63ms (cache revalidated)
npm http fetch GET 200 https://registry.npmjs.org/file-type 65ms (cache revalidated)
npm http fetch GET 200 https://registry.npmjs.org/is-natural-number 637ms (cache revalidated)
npm http fetch GET 200 https://registry.npmjs.org/buffer-alloc 54ms (cache revalidated)
npm http fetch GET 200 https://registry.npmjs.org/to-buffer 55ms (cache revalidated)
npm http fetch GET 200 https://registry.npmjs.org/xtend 55ms (cache revalidated)
npm http fetch GET 200 https://registry.npmjs.org/pinkie-promise 50ms (cache revalidated)
npm http fetch GET 200 https://registry.npmjs.org/object-assign 50ms (cache revalidated)
npm http fetch GET 200 https://registry.npmjs.org/ansi-regex 47ms (cache revalidated)
npm http fetch GET 200 https://registry.npmjs.org/mimic-fn 60ms (cache revalidated)
npm http fetch GET 200 https://registry.npmjs.org/pump 60ms (cache revalidated)
npm http fetch GET 200 https://registry.npmjs.org/shebang-command 62ms (cache revalidated)
npm http fetch GET 200 https://registry.npmjs.org/path-key 63ms (cache revalidated)
npm http fetch GET 200 https://registry.npmjs.org/path-key 65ms (cache revalidated)
npm http fetch GET 200 https://registry.npmjs.org/which 77ms (cache revalidated)
npm http fetch GET 200 https://registry.npmjs.org/shebang-regex 50ms (cache revalidated)
npm http fetch GET 200 https://registry.npmjs.org/isexe 72ms (cache revalidated)
npm http fetch GET 200 https://registry.npmjs.org/undici-types 75ms (cache revalidated)
npm http fetch GET 200 https://registry.npmjs.org/pinkie 57ms (cache revalidated)
npm http fetch GET 200 https://registry.npmjs.org/wrappy 60ms (cache revalidated)
npm http fetch GET 200 https://registry.npmjs.org/brace-expansion 691ms (cache revalidated)
npm http fetch GET 200 https://registry.npmjs.org/getpass 55ms (cache revalidated)
npm http fetch GET 200 https://registry.npmjs.org/tweetnacl 54ms (cache revalidated)
npm http fetch GET 200 https://registry.npmjs.org/json-schema 57ms (cache revalidated)
npm http fetch GET 200 https://registry.npmjs.org/bcrypt-pbkdf 54ms (cache revalidated)
npm http fetch GET 200 https://registry.npmjs.org/dashdash 57ms (cache revalidated)
npm http fetch GET 200 https://registry.npmjs.org/extsprintf 58ms (cache revalidated)
npm http fetch GET 200 https://registry.npmjs.org/safer-buffer 57ms (cache revalidated)
npm http fetch GET 200 https://registry.npmjs.org/asn1 58ms (cache revalidated)
npm http fetch GET 200 https://registry.npmjs.org/verror 60ms (cache revalidated)
npm http fetch GET 200 https://registry.npmjs.org/ecc-jsbn 68ms (cache revalidated)
npm http fetch GET 200 https://registry.npmjs.org/jsbn 85ms (cache revalidated)
npm http fetch GET 200 https://registry.npmjs.org/aggregate-error 55ms (cache revalidated)
npm http fetch GET 200 https://registry.npmjs.org/ansi-escapes 56ms (cache revalidated)
npm http fetch GET 200 https://registry.npmjs.org/tslib 57ms (cache revalidated)
npm http fetch GET 200 https://registry.npmjs.org/astral-regex 51ms (cache revalidated)
npm http fetch GET 200 https://registry.npmjs.org/type-fest 50ms (cache revalidated)
npm http fetch GET 200 https://registry.npmjs.org/concat-map 48ms (cache revalidated)
npm http fetch GET 200 https://registry.npmjs.org/balanced-match 49ms (cache revalidated)
npm http fetch GET 200 https://registry.npmjs.org/is-plain-obj 55ms (cache revalidated)
npm http fetch GET 200 https://registry.npmjs.org/escalade 59ms (cache revalidated)
npm http fetch GET 200 https://registry.npmjs.org/fsevents 62ms (cache revalidated)
npm http fetch GET 200 https://registry.npmjs.org/is-glob 64ms (cache revalidated)
npm http fetch GET 200 https://registry.npmjs.org/braces 66ms (cache revalidated)
npm http fetch GET 200 https://registry.npmjs.org/randombytes 63ms (cache revalidated)
npm http fetch GET 200 https://registry.npmjs.org/flat 60ms (cache revalidated)
npm http fetch GET 200 https://registry.npmjs.org/glob-parent 67ms (cache revalidated)
npm http fetch GET 200 https://registry.npmjs.org/camelcase 62ms (cache revalidated)
npm http fetch GET 200 https://registry.npmjs.org/anymatch 72ms (cache revalidated)
npm http fetch GET 200 https://registry.npmjs.org/path-exists 70ms (cache revalidated)
npm http fetch GET 200 https://registry.npmjs.org/is-binary-path 72ms (cache revalidated)
npm http fetch GET 200 https://registry.npmjs.org/locate-path 70ms (cache revalidated)
npm http fetch GET 200 https://registry.npmjs.org/argparse 82ms (cache revalidated)
npm http fetch GET 200 https://registry.npmjs.org/readdirp 83ms (cache revalidated)
npm http fetch GET 200 https://registry.npmjs.org/picomatch 49ms (cache revalidated)
npm http fetch GET 200 https://registry.npmjs.org/fill-range 51ms (cache revalidated)
npm http fetch GET 200 https://registry.npmjs.org/binary-extensions 52ms (cache revalidated)
npm http fetch GET 200 https://registry.npmjs.org/picomatch 53ms (cache revalidated)
npm http fetch GET 200 https://registry.npmjs.org/is-extglob 59ms (cache revalidated)
npm http fetch GET 200 https://registry.npmjs.org/to-regex-range 54ms (cache revalidated)
npm http fetch GET 200 https://registry.npmjs.org/is-number 50ms (cache revalidated)
npm http fetch GET 200 https://registry.npmjs.org/p-locate 51ms (cache revalidated)
npm http fetch GET 200 https://registry.npmjs.org/p-limit 49ms (cache revalidated)
npm http fetch GET 200 https://registry.npmjs.org/loose-envify 51ms (cache revalidated)
npm http fetch GET 200 https://registry.npmjs.org/react-is 66ms (cache revalidated)
npm http fetch GET 200 https://registry.npmjs.org/easy-stack 634ms (cache revalidated)
npm http fetch GET 200 https://registry.npmjs.org/yocto-queue 58ms (cache revalidated)
npm http fetch GET 200 https://registry.npmjs.org/clean-stack 54ms (cache revalidated)
npm http fetch GET 200 https://registry.npmjs.org/indent-string 66ms (cache revalidated)
npm http fetch GET 200 https://registry.npmjs.org/js-tokens 53ms (cache revalidated)
npm http fetch GET 200 https://registry.npmjs.org/map-stream 48ms (cache revalidated)
npm http fetch GET 200 https://registry.npmjs.org/split 59ms (cache revalidated)
npm http fetch GET 200 https://registry.npmjs.org/from 60ms (cache revalidated)
npm http fetch GET 200 https://registry.npmjs.org/pause-stream 61ms (cache revalidated)
npm http fetch GET 200 https://registry.npmjs.org/stream-combiner 60ms (cache revalidated)
npm http fetch GET 200 https://registry.npmjs.org/duplexer 80ms (cache revalidated)
npm http fetch GET 200 https://registry.npmjs.org/get-intrinsic 49ms (cache revalidated)
npm http fetch GET 200 https://registry.npmjs.org/object-inspect 50ms (cache revalidated)
npm http fetch GET 200 https://registry.npmjs.org/es-errors 65ms (cache revalidated)
npm http fetch GET 200 https://registry.npmjs.org/call-bind 648ms (cache revalidated)
npm http fetch GET 200 https://registry.npmjs.org/har-schema 54ms (cache revalidated)
npm http fetch GET 200 https://registry.npmjs.org/fast-json-stable-stringify 53ms (cache revalidated)
npm http fetch GET 200 https://registry.npmjs.org/json-schema-traverse 55ms (cache revalidated)
npm http fetch GET 200 https://registry.npmjs.org/uri-js 55ms (cache revalidated)
npm http fetch GET 200 https://registry.npmjs.org/fast-deep-equal 112ms (cache revalidated)
npm http fetch GET 200 https://registry.npmjs.org/es-define-property 56ms (cache revalidated)
npm http fetch GET 200 https://registry.npmjs.org/set-function-length 55ms (cache revalidated)
npm http fetch GET 200 https://registry.npmjs.org/hasown 55ms (cache revalidated)
npm http fetch GET 200 https://registry.npmjs.org/has-proto 55ms (cache revalidated)
npm http fetch GET 200 https://registry.npmjs.org/has-symbols 63ms (cache revalidated)
npm http fetch GET 200 https://registry.npmjs.org/function-bind 85ms (cache revalidated)
npm http fetch GET 200 https://registry.npmjs.org/gopd 53ms (cache revalidated)
npm http fetch GET 200 https://registry.npmjs.org/define-data-property 55ms (cache revalidated)
npm http fetch GET 200 https://registry.npmjs.org/has-property-descriptors 55ms (cache revalidated)
npm http fetch GET 200 https://registry.npmjs.org/requires-port 49ms (cache revalidated)
npm http fetch GET 200 https://registry.npmjs.org/querystringify 66ms (cache revalidated)
npm http fetch GET 200 https://registry.npmjs.org/escape-goat 56ms (cache revalidated)
npm http fetch GET 200 https://registry.npmjs.org/ansi-align 58ms (cache revalidated)
npm http fetch GET 200 https://registry.npmjs.org/write-file-atomic 58ms (cache revalidated)
npm http fetch GET 200 https://registry.npmjs.org/cli-boxes 73ms (cache revalidated)
npm http fetch GET 200 https://registry.npmjs.org/package-json 71ms (cache revalidated)
npm http fetch GET 200 https://registry.npmjs.org/dot-prop 73ms (cache revalidated)
npm http fetch GET 200 https://registry.npmjs.org/unique-string 648ms (cache revalidated)
npm http fetch GET 200 https://registry.npmjs.org/widest-line 659ms (cache revalidated)
npm http fetch GET 200 https://registry.npmjs.org/eastasianwidth 66ms (cache revalidated)
npm http fetch GET 200 https://registry.npmjs.org/imurmurhash 64ms (cache revalidated)
npm http fetch GET 200 https://registry.npmjs.org/crypto-random-string 65ms (cache revalidated)
npm http fetch GET 200 https://registry.npmjs.org/typedarray-to-buffer 65ms (cache revalidated)
npm http fetch GET 200 https://registry.npmjs.org/is-obj 700ms (cache revalidated)
npm http fetch GET 200 https://registry.npmjs.org/registry-auth-token 52ms (cache revalidated)
npm http fetch GET 200 https://registry.npmjs.org/registry-url 53ms (cache revalidated)
npm http fetch GET 200 https://registry.npmjs.org/got 77ms (cache revalidated)
npm http fetch GET 200 https://registry.npmjs.org/rc 55ms (cache revalidated)
npm http fetch GET 200 https://registry.npmjs.org/cacheable-request 59ms (cache revalidated)
npm http fetch GET 200 https://registry.npmjs.org/http2-wrapper 62ms (cache revalidated)
npm http fetch GET 200 https://registry.npmjs.org/form-data-encoder 61ms (cache revalidated)
npm http fetch GET 200 https://registry.npmjs.org/lowercase-keys 72ms (cache revalidated)
npm http fetch GET 200 https://registry.npmjs.org/decompress-response 70ms (cache revalidated)
npm http fetch GET 200 https://registry.npmjs.org/cacheable-lookup 72ms (cache revalidated)
npm http fetch GET 200 https://registry.npmjs.org/responselike 81ms (cache revalidated)
npm http fetch GET 200 https://registry.npmjs.org/@sindresorhus%2fis 100ms (cache revalidated)
npm http fetch GET 200 https://registry.npmjs.org/@szmarczak%2fhttp-timer 100ms (cache revalidated)
npm http fetch GET 200 https://registry.npmjs.org/p-cancelable 638ms (cache revalidated)
npm http fetch GET 200 https://registry.npmjs.org/@pnpm%2fnpm-conf 1506ms (cache revalidated)
npm http fetch GET 200 https://registry.npmjs.org/keyv 59ms (cache revalidated)
npm http fetch GET 200 https://registry.npmjs.org/defer-to-connect 61ms (cache revalidated)
npm http fetch GET 200 https://registry.npmjs.org/mimic-response 61ms (cache revalidated)
npm http fetch GET 200 https://registry.npmjs.org/resolve-alpn 59ms (cache revalidated)
npm http fetch GET 200 https://registry.npmjs.org/normalize-url 61ms (cache revalidated)
npm http fetch GET 200 https://registry.npmjs.org/quick-lru 61ms (cache revalidated)
npm http fetch GET 200 https://registry.npmjs.org/http-cache-semantics 67ms (cache revalidated)
npm http fetch GET 200 https://registry.npmjs.org/mimic-response 78ms (cache revalidated)
npm http fetch GET 200 https://registry.npmjs.org/@types%2fhttp-cache-semantics 80ms (cache revalidated)
npm http fetch GET 200 https://registry.npmjs.org/json-buffer 76ms (cache revalidated)
npm http fetch GET 200 https://registry.npmjs.org/config-chain 51ms (cache revalidated)
npm http fetch GET 200 https://registry.npmjs.org/@pnpm%2fnetwork.ca-file 110ms (cache revalidated)
npm http fetch GET 200 https://registry.npmjs.org/@pnpm%2fconfig.env-replace 1410ms (cache revalidated)
npm http fetch GET 200 https://registry.npmjs.org/proto-list 50ms (cache revalidated)
npm http fetch GET 200 https://registry.npmjs.org/deep-extend 51ms (cache revalidated)
npm http fetch GET 200 https://registry.npmjs.org/pend 58ms (cache revalidated)
npm http fetch GET 200 https://registry.npmjs.org/crc32-stream 58ms (cache revalidated)
npm http fetch GET 200 https://registry.npmjs.org/crc-32 70ms (cache revalidated)
npm http fetch GET 200 https://registry.npmjs.org/buffer-fill 52ms (cache revalidated)
npm http fetch GET 200 https://registry.npmjs.org/buffer-alloc-unsafe 53ms (cache revalidated)
npm http fetch GET 200 https://registry.npmjs.org/p-try 51ms (cache revalidated)
npm verb reify failed optional dependency C:\Users\pedro\Documents\pgats\modulo-6\trabalho final\tmpBstackPackages\node_modules\fsevents
npm http fetch POST 200 https://registry.npmjs.org/-/npm/v1/security/advisories/bulk 527ms
npm WARN deprecated inflight@1.0.6: This module is not supported, and leaks memory. Do not use it. Check out lru-cache if you want a good and tested way to coalesce async requests by a key value, which is much more comprehensive and powerful.
npm WARN deprecated rimraf@2.5.4: Rimraf versions prior to v4 are no longer supported
npm WARN deprecated har-validator@5.1.5: this library is no longer supported
npm WARN deprecated glob@7.2.3: Glob versions prior to v9 are no longer supported
npm WARN deprecated glob@8.1.0: Glob versions prior to v9 are no longer supported
npm WARN deprecated uuid@3.4.0: Please upgrade  to version 7 or higher.  Older versions may use Math.random() in certain circumstances, which is known to be problematic.  See https://v8.dev/blog/math-random for details.
npm WARN deprecated request@2.88.2: request has been deprecated, see https://github.com/request/request/issues/3142
npm info run cypress@13.13.2 postinstall node_modules/cypress node index.js --exec install
npm info run cypress@13.13.2 postinstall { code: 0, signal: null }

added 501 packages, and audited 502 packages in 24s

96 packages are looking for funding
  run `npm fund` for details

3 moderate severity vulnerabilities

To address all issues (including breaking changes), run:
  npm audit fix --force

Run `npm audit` for details.
npm verb exit 0
npm info ok 
